#-----------------------------------------------------------
# Vivado v2018.2 (64-bit)
# SW Build 2258646 on Thu Jun 14 20:03:12 MDT 2018
# IP Build 2256618 on Thu Jun 14 22:10:49 MDT 2018
# Start of session at: Wed May 17 16:58:09 2023
# Process ID: 1492
# Current directory: D:/projects/NanoProcessor-Team-93/Lab9
# Command line: vivado.exe -gui_launcher_event rodinguilauncherevent3592 D:\projects\NanoProcessor-Team-93\Lab9\Lab9.xpr
# Log file: D:/projects/NanoProcessor-Team-93/Lab9/vivado.log
# Journal file: D:/projects/NanoProcessor-Team-93/Lab9\vivado.jou
#-----------------------------------------------------------
start_gui
open_project D:/projects/NanoProcessor-Team-93/Lab9/Lab9.xpr
Scanning sources...
Finished scanning sources
INFO: [IP_Flow 19-234] Refreshing IP repositories
INFO: [IP_Flow 19-1704] No user IP repositories specified
INFO: [IP_Flow 19-2313] Loaded Vivado IP repository 'D:/Vivado/2018.2/data/ip'.
open_project: Time (s): cpu = 00:00:05 ; elapsed = 00:00:06 . Memory (MB): peak = 770.387 ; gain = 85.293
update_compile_order -fileset sources_1
