#-----------------------------------------------------------
# Vivado v2018.2 (64-bit)
# SW Build 2258646 on Thu Jun 14 20:03:12 MDT 2018
# IP Build 2256618 on Thu Jun 14 22:10:49 MDT 2018
# Start of session at: Wed May 17 22:19:24 2023
# Process ID: 14548
# Current directory: D:/projects/NanoProcessor-Team-93/Lab9
# Command line: vivado.exe -gui_launcher_event rodinguilauncherevent4080 D:\projects\NanoProcessor-Team-93\Lab9\Lab9.xpr
# Log file: D:/projects/NanoProcessor-Team-93/Lab9/vivado.log
# Journal file: D:/projects/NanoProcessor-Team-93/Lab9\vivado.jou
#-----------------------------------------------------------
start_gui
open_project D:/projects/NanoProcessor-Team-93/Lab9/Lab9.xpr
Scanning sources...
Finished scanning sources
INFO: [IP_Flow 19-234] Refreshing IP repositories
INFO: [IP_Flow 19-1704] No user IP repositories specified
INFO: [IP_Flow 19-2313] Loaded Vivado IP repository 'D:/Vivado/2018.2/data/ip'.
update_compile_order -fileset sources_1
exit
INFO: [Common 17-206] Exiting Vivado at Wed May 17 22:27:51 2023...
