#-----------------------------------------------------------
# Vivado v2018.2 (64-bit)
# SW Build 2258646 on Thu Jun 14 20:03:12 MDT 2018
# IP Build 2256618 on Thu Jun 14 22:10:49 MDT 2018
# Start of session at: Tue May 16 19:13:59 2023
# Process ID: 20488
# Current directory: D:/projects/NanoProcessor-Team-93/Lab9
# Command line: vivado.exe -gui_launcher_event rodinguilauncherevent15228 D:\projects\NanoProcessor-Team-93\Lab9\Lab9.xpr
# Log file: D:/projects/NanoProcessor-Team-93/Lab9/vivado.log
# Journal file: D:/projects/NanoProcessor-Team-93/Lab9\vivado.jou
#-----------------------------------------------------------
start_gui
open_project D:/projects/NanoProcessor-Team-93/Lab9/Lab9.xpr
Scanning sources...
Finished scanning sources
INFO: [IP_Flow 19-234] Refreshing IP repositories
INFO: [IP_Flow 19-1704] No user IP repositories specified
INFO: [IP_Flow 19-2313] Loaded Vivado IP repository 'D:/Vivado/2018.2/data/ip'.
update_compile_order -fileset sources_1
file mkdir D:/projects/NanoProcessor-Team-93/Lab9/Lab9.srcs/sources_1/new
close [ open D:/projects/NanoProcessor-Team-93/Lab9/Lab9.srcs/sources_1/new/NanoProcessor.vhd w ]
add_files D:/projects/NanoProcessor-Team-93/Lab9/Lab9.srcs/sources_1/new/NanoProcessor.vhd
update_compile_order -fileset sources_1
export_ip_user_files -of_objects  [get_files {{D:/2nd sem/Computer organization/Labs/Lab5/Lab5.srcs/sources_1/new/D_FF.vhd}}] -no_script -reset -force -quiet
remove_files  {{D:/2nd sem/Computer organization/Labs/Lab5/Lab5.srcs/sources_1/new/D_FF.vhd}}
update_compile_order -fileset sources_1
add_files -norecurse D:/projects/NanoProcessor-Team-93/Lab9/Lab9.srcs/sources_1/new/D_FF.vhd
update_compile_order -fileset sources_1
exit
INFO: [Common 17-206] Exiting Vivado at Tue May 16 20:48:18 2023...
